VirtualBox VM 5.2.22 r126460 win.amd64 (Nov  8 2018 19:34:58) release log
00:00:04.491179 Log opened 2018-11-23T13:48:53.400279700Z
00:00:04.491181 Build Type: release
00:00:04.491187 OS Product: Windows 10
00:00:04.491190 OS Release: 10.0.16299
00:00:04.491191 OS Service Pack: 
00:00:04.683044 DMI Product Name: POS-EIBTPDC
00:00:04.690925 DMI Product Version: 1.0
00:00:04.690948 Host RAM: 3984MB (3.8GB) total, 1761MB available
00:00:04.690953 Executable: C:\Program Files\Oracle\VirtualBox\VirtualBox.exe
00:00:04.690954 Process ID: 1864
00:00:04.690955 Package type: WINDOWS_64BITS_GENERIC
00:00:04.692544 Installed Extension Packs:
00:00:04.692648   None installed!
00:00:04.694018 Console: Machine state changed to 'Starting'
00:00:04.695148 Qt version: 5.6.2
00:00:04.701077 GUI: UIMediumEnumerator: Medium-enumeration finished!
00:00:04.920338 SUP: Opened VMMR0.r0 (C:\Program Files\Oracle\VirtualBox\VMMR0.r0) at 0xXXXXXXXXXXXXXXXX loaded by the native ring-0 loader.
00:00:04.920375 SUP: windbg> .reload /f C:\Program Files\Oracle\VirtualBox\VMMR0.r0=0xXXXXXXXXXXXXXXXX
00:00:04.923430 Guest OS type: 'Debian_64'
00:00:04.926440 fHMForced=true - 64-bit guest
00:00:04.934501 File system of 'E:\Projeto Integrador\Desktop2' (snapshots) is ntfs
00:00:04.934533 File system of 'E:\Projeto Integrador\Desktop2\Clone de Desktop2-disk1.vdi' is ntfs
00:00:04.970821 Shared clipboard service loaded
00:00:04.970843 Shared clipboard mode: Bidirectional
00:00:04.999795 Drag and drop service loaded
00:00:04.999818 Drag and drop mode: Bidirectional
00:00:05.048278 Guest Control service loaded
00:00:05.051261 ************************* CFGM dump *************************
00:00:05.051265 [/] (level 0)
00:00:05.051270   CSAMEnabled       <integer> = 0x0000000000000001 (1)
00:00:05.051274   CpuExecutionCap   <integer> = 0x0000000000000064 (100)
00:00:05.051277   EnablePAE         <integer> = 0x0000000000000000 (0)
00:00:05.051279   HMEnabled         <integer> = 0x0000000000000001 (1)
00:00:05.051281   MemBalloonSize    <integer> = 0x0000000000000000 (0)
00:00:05.051284   Name              <string>  = "Desktop2" (cb=9)
00:00:05.051286   NumCPUs           <integer> = 0x0000000000000001 (1)
00:00:05.051289   PATMEnabled       <integer> = 0x0000000000000001 (1)
00:00:05.051291   PageFusionAllowed <integer> = 0x0000000000000000 (0)
00:00:05.051293   RamHoleSize       <integer> = 0x0000000020000000 (536 870 912, 512 MB)
00:00:05.051297   RamSize           <integer> = 0x0000000040000000 (1 073 741 824, 1 024 MB)
00:00:05.051301   RawR0Enabled      <integer> = 0x0000000000000001 (1)
00:00:05.051303   RawR3Enabled      <integer> = 0x0000000000000001 (1)
00:00:05.051305   TimerMillies      <integer> = 0x000000000000000a (10)
00:00:05.051307   UUID              <bytes>   = "cc 42 35 0d 96 4d 3c 46 9e 4c c6 35 69 89 7f 99" (cb=16)
00:00:05.051319 
00:00:05.051320 [/CPUM/] (level 1)
00:00:05.051323   GuestCpuName       <string>  = "host" (cb=5)
00:00:05.051325   PortableCpuIdLevel <integer> = 0x0000000000000000 (0)
00:00:05.051327   SpecCtrl           <integer> = 0x0000000000000000 (0)
00:00:05.051330 
00:00:05.051330 [/DBGC/] (level 1)
00:00:05.051333   GlobalInitScript <string>  = "C:\Users\CONAMAD\.VirtualBox/dbgc-init" (cb=39)
00:00:05.051335   HistoryFile      <string>  = "C:\Users\CONAMAD\.VirtualBox/dbgc-history" (cb=42)
00:00:05.051337   LocalInitScript  <string>  = "E:\Projeto Integrador\Desktop2/dbgc-init" (cb=41)
00:00:05.051339 
00:00:05.051339 [/DBGF/] (level 1)
00:00:05.051341   Path <string>  = "E:\Projeto Integrador\Desktop2/debug/;E:\Projeto Integrador\Desktop2/;C:\Users\CONAMAD\" (cb=88)
00:00:05.051343 
00:00:05.051344 [/Devices/] (level 1)
00:00:05.051346 
00:00:05.051347 [/Devices/8237A/] (level 2)
00:00:05.051349 
00:00:05.051349 [/Devices/8237A/0/] (level 3)
00:00:05.051352   Trusted <integer> = 0x0000000000000001 (1)
00:00:05.051354 
00:00:05.051355 [/Devices/GIMDev/] (level 2)
00:00:05.051357 
00:00:05.051357 [/Devices/GIMDev/0/] (level 3)
00:00:05.051360   Trusted <integer> = 0x0000000000000001 (1)
00:00:05.051362 
00:00:05.051363 [/Devices/VMMDev/] (level 2)
00:00:05.051365 
00:00:05.051366 [/Devices/VMMDev/0/] (level 3)
00:00:05.051369   PCIBusNo      <integer> = 0x0000000000000000 (0)
00:00:05.051371   PCIDeviceNo   <integer> = 0x0000000000000004 (4)
00:00:05.051373   PCIFunctionNo <integer> = 0x0000000000000000 (0)
00:00:05.051375   Trusted       <integer> = 0x0000000000000001 (1)
00:00:05.051377 
00:00:05.051378 [/Devices/VMMDev/0/Config/] (level 4)
00:00:05.051381   GuestCoreDumpDir <string>  = "E:\Projeto Integrador\Desktop2" (cb=31)
00:00:05.051383 
00:00:05.051384 [/Devices/VMMDev/0/LUN#0/] (level 4)
00:00:05.051386   Driver <string>  = "HGCM" (cb=5)
00:00:05.051388 
00:00:05.051389 [/Devices/VMMDev/0/LUN#0/Config/] (level 5)
00:00:05.051392   Object <integer> = 0x0000000006d18200 (114 393 600)
00:00:05.051394 
00:00:05.051395 [/Devices/VMMDev/0/LUN#999/] (level 4)
00:00:05.051398   Driver <string>  = "MainStatus" (cb=11)
00:00:05.051400 
00:00:05.051400 [/Devices/VMMDev/0/LUN#999/Config/] (level 5)
00:00:05.051403   First   <integer> = 0x0000000000000000 (0)
00:00:05.051406   Last    <integer> = 0x0000000000000000 (0)
00:00:05.051408   papLeds <integer> = 0x000000000634b0e0 (104 116 448)
00:00:05.051410 
00:00:05.051411 [/Devices/acpi/] (level 2)
00:00:05.051413 
00:00:05.051414 [/Devices/acpi/0/] (level 3)
00:00:05.051417   PCIBusNo      <integer> = 0x0000000000000000 (0)
00:00:05.051419   PCIDeviceNo   <integer> = 0x0000000000000007 (7)
00:00:05.051421   PCIFunctionNo <integer> = 0x0000000000000000 (0)
00:00:05.051423   Trusted       <integer> = 0x0000000000000001 (1)
00:00:05.051425 
00:00:05.051426 [/Devices/acpi/0/Config/] (level 4)
00:00:05.051430   CpuHotPlug          <integer> = 0x0000000000000000 (0)
00:00:05.051432   FdcEnabled          <integer> = 0x0000000000000000 (0)
00:00:05.051435   HostBusPciAddress   <integer> = 0x0000000000000000 (0)
00:00:05.051437   HpetEnabled         <integer> = 0x0000000000000000 (0)
00:00:05.051439   IOAPIC              <integer> = 0x0000000000000001 (1)
00:00:05.051442   IocPciAddress       <integer> = 0x0000000000010000 (65 536)
00:00:05.051444   NumCPUs             <integer> = 0x0000000000000001 (1)
00:00:05.051447   Parallel0IoPortBase <integer> = 0x0000000000000000 (0)
00:00:05.051449   Parallel0Irq        <integer> = 0x0000000000000000 (0)
00:00:05.051451   Parallel1IoPortBase <integer> = 0x0000000000000000 (0)
00:00:05.051453   Parallel1Irq        <integer> = 0x0000000000000000 (0)
00:00:05.051455   Serial0IoPortBase   <integer> = 0x0000000000000000 (0)
00:00:05.051457   Serial0Irq          <integer> = 0x0000000000000000 (0)
00:00:05.051460   Serial1IoPortBase   <integer> = 0x0000000000000000 (0)
00:00:05.051462   Serial1Irq          <integer> = 0x0000000000000000 (0)
00:00:05.051464   ShowCpu             <integer> = 0x0000000000000001 (1)
00:00:05.051466   ShowRtc             <integer> = 0x0000000000000000 (0)
00:00:05.051469   SmcEnabled          <integer> = 0x0000000000000000 (0)
00:00:05.051471 
00:00:05.051472 [/Devices/acpi/0/LUN#0/] (level 4)
00:00:05.051475   Driver <string>  = "ACPIHost" (cb=9)
00:00:05.051476 
00:00:05.051477 [/Devices/acpi/0/LUN#0/Config/] (level 5)
00:00:05.051480 
00:00:05.051481 [/Devices/ahci/] (level 2)
00:00:05.051483 
00:00:05.051483 [/Devices/ahci/0/] (level 3)
00:00:05.051486   PCIBusNo      <integer> = 0x0000000000000000 (0)
00:00:05.051489   PCIDeviceNo   <integer> = 0x000000000000000d (13)
00:00:05.051491   PCIFunctionNo <integer> = 0x0000000000000000 (0)
00:00:05.051493   Trusted       <integer> = 0x0000000000000001 (1)
00:00:05.051495 
00:00:05.051495 [/Devices/ahci/0/Config/] (level 4)
00:00:05.051498   Bootable  <integer> = 0x0000000000000001 (1)
00:00:05.051500   PortCount <integer> = 0x0000000000000001 (1)
00:00:05.051502 
00:00:05.051503 [/Devices/ahci/0/Config/Port0/] (level 5)
00:00:05.051506   Hotpluggable <integer> = 0x0000000000000000 (0)
00:00:05.051508 
00:00:05.051509 [/Devices/ahci/0/LUN#0/] (level 4)
00:00:05.051511   Driver <string>  = "VD" (cb=3)
00:00:05.051513 
00:00:05.051514 [/Devices/ahci/0/LUN#0/Config/] (level 5)
00:00:05.051517   BlockCache <integer> = 0x0000000000000001 (1)
00:00:05.051519   Format     <string>  = "VDI" (cb=4)
00:00:05.051521   Mountable  <integer> = 0x0000000000000000 (0)
00:00:05.051523   Path       <string>  = "E:\Projeto Integrador\Desktop2\Clone de Desktop2-disk1.vdi" (cb=59)
00:00:05.051525   Type       <string>  = "HardDisk" (cb=9)
00:00:05.051527   UseNewIo   <integer> = 0x0000000000000001 (1)
00:00:05.051529 
00:00:05.051530 [/Devices/ahci/0/LUN#999/] (level 4)
00:00:05.051532   Driver <string>  = "MainStatus" (cb=11)
00:00:05.051534 
00:00:05.051535 [/Devices/ahci/0/LUN#999/Config/] (level 5)
00:00:05.051538   DeviceInstance        <string>  = "ahci/0" (cb=7)
00:00:05.051540   First                 <integer> = 0x0000000000000000 (0)
00:00:05.051543   Last                  <integer> = 0x0000000000000000 (0)
00:00:05.051546   pConsole              <integer> = 0x000000000634a8d0 (104 114 384)
00:00:05.051549   papLeds               <integer> = 0x000000000634ace0 (104 115 424)
00:00:05.051552   pmapMediumAttachments <integer> = 0x000000000634b100 (104 116 480)
00:00:05.051555 
00:00:05.051556 [/Devices/apic/] (level 2)
00:00:05.051558 
00:00:05.051559 [/Devices/apic/0/] (level 3)
00:00:05.051561   Trusted <integer> = 0x0000000000000001 (1)
00:00:05.051563 
00:00:05.051564 [/Devices/apic/0/Config/] (level 4)
00:00:05.051567   IOAPIC  <integer> = 0x0000000000000001 (1)
00:00:05.051569   Mode    <integer> = 0x0000000000000003 (3)
00:00:05.051571   NumCPUs <integer> = 0x0000000000000001 (1)
00:00:05.051573 
00:00:05.051573 [/Devices/e1000/] (level 2)
00:00:05.051576 
00:00:05.051576 [/Devices/e1000/0/] (level 3)
00:00:05.051579   PCIBusNo      <integer> = 0x0000000000000000 (0)
00:00:05.051581   PCIDeviceNo   <integer> = 0x0000000000000003 (3)
00:00:05.051583   PCIFunctionNo <integer> = 0x0000000000000000 (0)
00:00:05.051585   Trusted       <integer> = 0x0000000000000001 (1)
00:00:05.051587 
00:00:05.051588 [/Devices/e1000/0/Config/] (level 4)
00:00:05.051591   AdapterType    <integer> = 0x0000000000000001 (1)
00:00:05.051593   CableConnected <integer> = 0x0000000000000001 (1)
00:00:05.051595   LineSpeed      <integer> = 0x0000000000000000 (0)
00:00:05.051597   MAC            <bytes>   = "08 00 27 83 cd 6e" (cb=6)
00:00:05.051601 
00:00:05.051602 [/Devices/e1000/0/LUN#0/] (level 4)
00:00:05.051605   Driver <string>  = "IntNet" (cb=7)
00:00:05.051606 
00:00:05.051607 [/Devices/e1000/0/LUN#0/Config/] (level 5)
00:00:05.051610   IfPolicyPromisc <string>  = "allow-all" (cb=10)
00:00:05.051612   Network         <string>  = "intnet" (cb=7)
00:00:05.051614   TrunkType       <integer> = 0x0000000000000002 (2)
00:00:05.051616 
00:00:05.051617 [/Devices/e1000/0/LUN#999/] (level 4)
00:00:05.051619   Driver <string>  = "MainStatus" (cb=11)
00:00:05.051621 
00:00:05.051622 [/Devices/e1000/0/LUN#999/Config/] (level 5)
00:00:05.051625   First   <integer> = 0x0000000000000000 (0)
00:00:05.051627   Last    <integer> = 0x0000000000000000 (0)
00:00:05.051629   papLeds <integer> = 0x000000000634afc0 (104 116 160)
00:00:05.051632 
00:00:05.051632 [/Devices/i8254/] (level 2)
00:00:05.051635 
00:00:05.051635 [/Devices/i8254/0/] (level 3)
00:00:05.051638 
00:00:05.051638 [/Devices/i8254/0/Config/] (level 4)
00:00:05.051641 
00:00:05.051642 [/Devices/i8259/] (level 2)
00:00:05.051644 
00:00:05.051644 [/Devices/i8259/0/] (level 3)
00:00:05.051647   Trusted <integer> = 0x0000000000000001 (1)
00:00:05.051649 
00:00:05.051650 [/Devices/i8259/0/Config/] (level 4)
00:00:05.051652 
00:00:05.051653 [/Devices/ichac97/] (level 2)
00:00:05.051655 
00:00:05.051656 [/Devices/ichac97/0/] (level 3)
00:00:05.051658   PCIBusNo      <integer> = 0x0000000000000000 (0)
00:00:05.051660   PCIDeviceNo   <integer> = 0x0000000000000005 (5)
00:00:05.051662   PCIFunctionNo <integer> = 0x0000000000000000 (0)
00:00:05.051664   Trusted       <integer> = 0x0000000000000001 (1)
00:00:05.051667 
00:00:05.051667 [/Devices/ichac97/0/AudioConfig/] (level 4)
00:00:05.051670 
00:00:05.051671 [/Devices/ichac97/0/Config/] (level 4)
00:00:05.051674   Codec        <string>  = "AD1980" (cb=7)
00:00:05.051676   DebugEnabled <integer> = 0x0000000000000000 (0)
00:00:05.051677   DebugPathOut <string>  = "" (cb=1)
00:00:05.051679 
00:00:05.051680 [/Devices/ichac97/0/LUN#0/] (level 4)
00:00:05.051683   Driver <string>  = "AUDIO" (cb=6)
00:00:05.051684 
00:00:05.051685 [/Devices/ichac97/0/LUN#0/AttachedDriver/] (level 5)
00:00:05.051688   Driver <string>  = "DSoundAudio" (cb=12)
00:00:05.051690 
00:00:05.051690 [/Devices/ichac97/0/LUN#0/AttachedDriver/Config/] (level 6)
00:00:05.051694   StreamName <string>  = "Desktop2" (cb=9)
00:00:05.051695 
00:00:05.051696 [/Devices/ichac97/0/LUN#0/Config/] (level 5)
00:00:05.051699   BufferSizeMs    <integer> = 0x0000000000000000 (0)
00:00:05.051701   DriverName      <string>  = "DSoundAudio" (cb=12)
00:00:05.051703   InputEnabled    <integer> = 0x0000000000000001 (1)
00:00:05.051705   OutputEnabled   <integer> = 0x0000000000000001 (1)
00:00:05.051707   PeriodSizeMs    <integer> = 0x0000000000000000 (0)
00:00:05.051709   PreBufferSizeMs <integer> = 0x00000000ffffffff (4 294 967 295)
00:00:05.051712 
00:00:05.051713 [/Devices/ichac97/0/LUN#1/] (level 4)
00:00:05.051716   Driver <string>  = "AUDIO" (cb=6)
00:00:05.051717 
00:00:05.051718 [/Devices/ioapic/] (level 2)
00:00:05.051720 
00:00:05.051721 [/Devices/ioapic/0/] (level 3)
00:00:05.051723   Trusted <integer> = 0x0000000000000001 (1)
00:00:05.051725 
00:00:05.051726 [/Devices/ioapic/0/Config/] (level 4)
00:00:05.051729   NumCPUs <integer> = 0x0000000000000001 (1)
00:00:05.051730 
00:00:05.051731 [/Devices/mc146818/] (level 2)
00:00:05.051733 
00:00:05.051734 [/Devices/mc146818/0/] (level 3)
00:00:05.051736 
00:00:05.051737 [/Devices/mc146818/0/Config/] (level 4)
00:00:05.051740   UseUTC <integer> = 0x0000000000000001 (1)
00:00:05.051742 
00:00:05.051743 [/Devices/parallel/] (level 2)
00:00:05.051745 
00:00:05.051745 [/Devices/pcarch/] (level 2)
00:00:05.051748 
00:00:05.051748 [/Devices/pcarch/0/] (level 3)
00:00:05.051751   Trusted <integer> = 0x0000000000000001 (1)
00:00:05.051752 
00:00:05.051753 [/Devices/pcarch/0/Config/] (level 4)
00:00:05.051756 
00:00:05.051756 [/Devices/pcbios/] (level 2)
00:00:05.051759 
00:00:05.051759 [/Devices/pcbios/0/] (level 3)
00:00:05.051762   Trusted <integer> = 0x0000000000000001 (1)
00:00:05.051764 
00:00:05.051764 [/Devices/pcbios/0/Config/] (level 4)
00:00:05.051768   APIC               <integer> = 0x0000000000000001 (1)
00:00:05.051770   BootDevice0        <string>  = "FLOPPY" (cb=7)
00:00:05.051772   BootDevice1        <string>  = "DVD" (cb=4)
00:00:05.051774   BootDevice2        <string>  = "IDE" (cb=4)
00:00:05.051776   BootDevice3        <string>  = "NONE" (cb=5)
00:00:05.051778   FloppyDevice       <string>  = "i82078" (cb=7)
00:00:05.051780   HardDiskDevice     <string>  = "piix3ide" (cb=9)
00:00:05.051782   IOAPIC             <integer> = 0x0000000000000001 (1)
00:00:05.051784   McfgBase           <integer> = 0x0000000000000000 (0)
00:00:05.051787   McfgLength         <integer> = 0x0000000000000000 (0)
00:00:05.051789   NumCPUs            <integer> = 0x0000000000000001 (1)
00:00:05.051792   PXEDebug           <integer> = 0x0000000000000000 (0)
00:00:05.051794   SataHardDiskDevice <string>  = "ahci" (cb=5)
00:00:05.051796   SataLUN1           <integer> = 0x0000000000000000 (0)
00:00:05.051798   UUID               <bytes>   = "cc 42 35 0d 96 4d 3c 46 9e 4c c6 35 69 89 7f 99" (cb=16)
00:00:05.051805 
00:00:05.051805 [/Devices/pcbios/0/Config/NetBoot/] (level 5)
00:00:05.051809 
00:00:05.051809 [/Devices/pcbios/0/Config/NetBoot/0/] (level 6)
00:00:05.051812   NIC           <integer> = 0x0000000000000000 (0)
00:00:05.051815   PCIBusNo      <integer> = 0x0000000000000000 (0)
00:00:05.051817   PCIDeviceNo   <integer> = 0x0000000000000003 (3)
00:00:05.051819   PCIFunctionNo <integer> = 0x0000000000000000 (0)
00:00:05.051821 
00:00:05.051822 [/Devices/pci/] (level 2)
00:00:05.051824 
00:00:05.051825 [/Devices/pci/0/] (level 3)
00:00:05.051827   Trusted <integer> = 0x0000000000000001 (1)
00:00:05.051829 
00:00:05.051830 [/Devices/pci/0/Config/] (level 4)
00:00:05.051833   IOAPIC <integer> = 0x0000000000000001 (1)
00:00:05.051834 
00:00:05.051835 [/Devices/pcibridge/] (level 2)
00:00:05.051838 
00:00:05.051838 [/Devices/pckbd/] (level 2)
00:00:05.051840 
00:00:05.051841 [/Devices/pckbd/0/] (level 3)
00:00:05.051844   Trusted <integer> = 0x0000000000000001 (1)
00:00:05.051846 
00:00:05.051846 [/Devices/pckbd/0/Config/] (level 4)
00:00:05.051849 
00:00:05.051850 [/Devices/pckbd/0/LUN#0/] (level 4)
00:00:05.051852   Driver <string>  = "KeyboardQueue" (cb=14)
00:00:05.051854 
00:00:05.051855 [/Devices/pckbd/0/LUN#0/AttachedDriver/] (level 5)
00:00:05.051858   Driver <string>  = "MainKeyboard" (cb=13)
00:00:05.051860 
00:00:05.051860 [/Devices/pckbd/0/LUN#0/AttachedDriver/Config/] (level 6)
00:00:05.051864   Object <integer> = 0x0000000006325fa0 (103 964 576)
00:00:05.051866 
00:00:05.051867 [/Devices/pckbd/0/LUN#0/Config/] (level 5)
00:00:05.051870   QueueSize <integer> = 0x0000000000000040 (64)
00:00:05.051872 
00:00:05.051873 [/Devices/pckbd/0/LUN#1/] (level 4)
00:00:05.051875   Driver <string>  = "MouseQueue" (cb=11)
00:00:05.051877 
00:00:05.051878 [/Devices/pckbd/0/LUN#1/AttachedDriver/] (level 5)
00:00:05.051881   Driver <string>  = "MainMouse" (cb=10)
00:00:05.051882 
00:00:05.051883 [/Devices/pckbd/0/LUN#1/AttachedDriver/Config/] (level 6)
00:00:05.051886   Object <integer> = 0x0000000006a5ed50 (111 537 488)
00:00:05.051889 
00:00:05.051890 [/Devices/pckbd/0/LUN#1/Config/] (level 5)
00:00:05.051893   QueueSize <integer> = 0x0000000000000080 (128)
00:00:05.051895 
00:00:05.051895 [/Devices/pcnet/] (level 2)
00:00:05.051898 
00:00:05.051898 [/Devices/piix3ide/] (level 2)
00:00:05.051900 
00:00:05.051901 [/Devices/piix3ide/0/] (level 3)
00:00:05.051904   PCIBusNo      <integer> = 0x0000000000000000 (0)
00:00:05.051906   PCIDeviceNo   <integer> = 0x0000000000000001 (1)
00:00:05.051908   PCIFunctionNo <integer> = 0x0000000000000001 (1)
00:00:05.051910   Trusted       <integer> = 0x0000000000000001 (1)
00:00:05.051912 
00:00:05.051913 [/Devices/piix3ide/0/Config/] (level 4)
00:00:05.051916   Type <string>  = "PIIX4" (cb=6)
00:00:05.051917 
00:00:05.051918 [/Devices/piix3ide/0/LUN#0/] (level 4)
00:00:05.051921   Driver <string>  = "VD" (cb=3)
00:00:05.051922 
00:00:05.051923 [/Devices/piix3ide/0/LUN#0/Config/] (level 5)
00:00:05.051926   EmptyDrive <integer> = 0x0000000000000001 (1)
00:00:05.051928   Mountable  <integer> = 0x0000000000000001 (1)
00:00:05.051930   Type       <string>  = "DVD" (cb=4)
00:00:05.051932 
00:00:05.051933 [/Devices/piix3ide/0/LUN#999/] (level 4)
00:00:05.051935   Driver <string>  = "MainStatus" (cb=11)
00:00:05.051937 
00:00:05.051938 [/Devices/piix3ide/0/LUN#999/Config/] (level 5)
00:00:05.051941   DeviceInstance        <string>  = "piix3ide/0" (cb=11)
00:00:05.051943   First                 <integer> = 0x0000000000000000 (0)
00:00:05.051946   Last                  <integer> = 0x0000000000000003 (3)
00:00:05.051949   pConsole              <integer> = 0x000000000634a8d0 (104 114 384)
00:00:05.051952   papLeds               <integer> = 0x000000000634acc0 (104 115 392)
00:00:05.051955   pmapMediumAttachments <integer> = 0x000000000634b100 (104 116 480)
00:00:05.051958 
00:00:05.051959 [/Devices/serial/] (level 2)
00:00:05.051961 
00:00:05.051961 [/Devices/usb-ohci/] (level 2)
00:00:05.051964 
00:00:05.051964 [/Devices/usb-ohci/0/] (level 3)
00:00:05.051967   PCIBusNo      <integer> = 0x0000000000000000 (0)
00:00:05.051969   PCIDeviceNo   <integer> = 0x0000000000000006 (6)
00:00:05.051971   PCIFunctionNo <integer> = 0x0000000000000000 (0)
00:00:05.051973   Trusted       <integer> = 0x0000000000000001 (1)
00:00:05.051975 
00:00:05.051976 [/Devices/usb-ohci/0/Config/] (level 4)
00:00:05.051978 
00:00:05.051979 [/Devices/usb-ohci/0/LUN#0/] (level 4)
00:00:05.051982   Driver <string>  = "VUSBRootHub" (cb=12)
00:00:05.051984 
00:00:05.051984 [/Devices/usb-ohci/0/LUN#0/Config/] (level 5)
00:00:05.051987 
00:00:05.051988 [/Devices/usb-ohci/0/LUN#999/] (level 4)
00:00:05.051991   Driver <string>  = "MainStatus" (cb=11)
00:00:05.051992 
00:00:05.051993 [/Devices/usb-ohci/0/LUN#999/Config/] (level 5)
00:00:05.051996   First   <integer> = 0x0000000000000000 (0)
00:00:05.051998   Last    <integer> = 0x0000000000000000 (0)
00:00:05.052000   papLeds <integer> = 0x000000000634b0e8 (104 116 456)
00:00:05.052003 
00:00:05.052003 [/Devices/vga/] (level 2)
00:00:05.052006 
00:00:05.052006 [/Devices/vga/0/] (level 3)
00:00:05.052009   PCIBusNo      <integer> = 0x0000000000000000 (0)
00:00:05.052011   PCIDeviceNo   <integer> = 0x0000000000000002 (2)
00:00:05.052013   PCIFunctionNo <integer> = 0x0000000000000000 (0)
00:00:05.052015   Trusted       <integer> = 0x0000000000000001 (1)
00:00:05.052017 
00:00:05.052018 [/Devices/vga/0/Config/] (level 4)
00:00:05.052021   CustomVideoModes <integer> = 0x0000000000000000 (0)
00:00:05.052023   FadeIn           <integer> = 0x0000000000000001 (1)
00:00:05.052025   FadeOut          <integer> = 0x0000000000000001 (1)
00:00:05.052027   HeightReduction  <integer> = 0x0000000000000000 (0)
00:00:05.052029   LogoFile         <string>  = "" (cb=1)
00:00:05.052031   LogoTime         <integer> = 0x0000000000000000 (0)
00:00:05.052034   MonitorCount     <integer> = 0x0000000000000001 (1)
00:00:05.052036   ShowBootMenu     <integer> = 0x0000000000000002 (2)
00:00:05.052038   VRamSize         <integer> = 0x0000000001000000 (16 777 216, 16 MB)
00:00:05.052041 
00:00:05.052042 [/Devices/vga/0/LUN#0/] (level 4)
00:00:05.052045   Driver <string>  = "MainDisplay" (cb=12)
00:00:05.052046 
00:00:05.052047 [/Devices/vga/0/LUN#0/Config/] (level 5)
00:00:05.052050   Object <integer> = 0x0000000006350df0 (104 140 272)
00:00:05.052053 
00:00:05.052053 [/Devices/vga/0/LUN#999/] (level 4)
00:00:05.052056   Driver <string>  = "MainStatus" (cb=11)
00:00:05.052058 
00:00:05.052058 [/Devices/vga/0/LUN#999/Config/] (level 5)
00:00:05.052062   First   <integer> = 0x0000000000000000 (0)
00:00:05.052064   Last    <integer> = 0x0000000000000000 (0)
00:00:05.052066   papLeds <integer> = 0x000000000634b0f8 (104 116 472)
00:00:05.052068 
00:00:05.052069 [/Devices/virtio-net/] (level 2)
00:00:05.052071 
00:00:05.052072 [/EM/] (level 1)
00:00:05.052074   TripleFaultReset <integer> = 0x0000000000000000 (0)
00:00:05.052076 
00:00:05.052076 [/GIM/] (level 1)
00:00:05.052078   Provider <string>  = "KVM" (cb=4)
00:00:05.052080 
00:00:05.052081 [/HM/] (level 1)
00:00:05.052083   64bitEnabled       <integer> = 0x0000000000000001 (1)
00:00:05.052085   EnableLargePages   <integer> = 0x0000000000000001 (1)
00:00:05.052087   EnableNestedPaging <integer> = 0x0000000000000001 (1)
00:00:05.052089   EnableUX           <integer> = 0x0000000000000001 (1)
00:00:05.052092   EnableVPID         <integer> = 0x0000000000000001 (1)
00:00:05.052094   Exclusive          <integer> = 0x0000000000000000 (0)
00:00:05.052096   HMForced           <integer> = 0x0000000000000001 (1)
00:00:05.052099   IBPBOnVMEntry      <integer> = 0x0000000000000000 (0)
00:00:05.052101   IBPBOnVMExit       <integer> = 0x0000000000000000 (0)
00:00:05.052108   L1DFlushOnSched    <integer> = 0x0000000000000001 (1)
00:00:05.052110   L1DFlushOnVMEntry  <integer> = 0x0000000000000000 (0)
00:00:05.052112   SpecCtrlByHost     <integer> = 0x0000000000000000 (0)
00:00:05.052114 
00:00:05.052115 [/MM/] (level 1)
00:00:05.052117   CanUseLargerHeap <integer> = 0x0000000000000000 (0)
00:00:05.052119 
00:00:05.052119 [/PDM/] (level 1)
00:00:05.052121 
00:00:05.052122 [/PDM/AsyncCompletion/] (level 2)
00:00:05.052124 
00:00:05.052125 [/PDM/AsyncCompletion/File/] (level 3)
00:00:05.052127 
00:00:05.052128 [/PDM/AsyncCompletion/File/BwGroups/] (level 4)
00:00:05.052131 
00:00:05.052131 [/PDM/BlkCache/] (level 2)
00:00:05.052133   CacheSize <integer> = 0x0000000000500000 (5 242 880, 5 MB)
00:00:05.052136 
00:00:05.052137 [/PDM/Devices/] (level 2)
00:00:05.052139 
00:00:05.052140 [/PDM/Drivers/] (level 2)
00:00:05.052142 
00:00:05.052142 [/PDM/Drivers/VBoxC/] (level 3)
00:00:05.052145   Path <string>  = "VBoxC" (cb=6)
00:00:05.052146 
00:00:05.052147 [/PDM/NetworkShaper/] (level 2)
00:00:05.052149 
00:00:05.052150 [/PDM/NetworkShaper/BwGroups/] (level 3)
00:00:05.052152 
00:00:05.052153 [/TM/] (level 1)
00:00:05.052155   UTCOffset <integer> = 0x0000000000000000 (0)
00:00:05.052157 
00:00:05.052157 [/USB/] (level 1)
00:00:05.052159 
00:00:05.052160 [/USB/HidMouse/] (level 2)
00:00:05.052162 
00:00:05.052163 [/USB/HidMouse/0/] (level 3)
00:00:05.052165 
00:00:05.052166 [/USB/HidMouse/0/Config/] (level 4)
00:00:05.052169   Mode <string>  = "absolute" (cb=9)
00:00:05.052170 
00:00:05.052171 [/USB/HidMouse/0/LUN#0/] (level 4)
00:00:05.052173   Driver <string>  = "MouseQueue" (cb=11)
00:00:05.052175 
00:00:05.052176 [/USB/HidMouse/0/LUN#0/AttachedDriver/] (level 5)
00:00:05.052179   Driver <string>  = "MainMouse" (cb=10)
00:00:05.052180 
00:00:05.052181 [/USB/HidMouse/0/LUN#0/AttachedDriver/Config/] (level 6)
00:00:05.052184   Object <integer> = 0x0000000006a5ed50 (111 537 488)
00:00:05.052187 
00:00:05.052188 [/USB/HidMouse/0/LUN#0/Config/] (level 5)
00:00:05.052191   QueueSize <integer> = 0x0000000000000080 (128)
00:00:05.052193 
00:00:05.052194 [/USB/USBProxy/] (level 2)
00:00:05.052196 
00:00:05.052196 [/USB/USBProxy/GlobalConfig/] (level 3)
00:00:05.052199 
00:00:05.052200 ********************* End of CFGM dump **********************
00:00:05.052217 VM: fHMEnabled=true  (configured) fRecompileUser=false fRecompileSupervisor=false
00:00:05.052220 VM: fRawRing1Enabled=false CSAM=true  PATM=true 
00:00:05.052488 HM: HMR3Init: VT-x w/ nested paging and unrestricted guest execution hw support
00:00:05.052568 MM: cbHyperHeap=0x100000 (1048576)
00:00:05.053317 CPUM: fXStateHostMask=0x0; initial: 0x0; host XCR0=0x0
00:00:05.054419 CPUM: Matched host CPU INTEL 0x6/0x37/0x8 Intel_Atom_Silvermont with CPU DB entry 'Intel Pentium N3530 2.16GHz' (INTEL 0x6/0x37/0x8 Intel_Atom_Silvermont)
00:00:05.054526 CPUM: MXCSR_MASK=0xffff (host: 0xffff)
00:00:05.054565 CPUM: Microcode revision 0x00000831
00:00:05.055693 PGM: HCPhysInterPD=00000000b90e7000 HCPhysInterPaePDPT=00000000b90ea000 HCPhysInterPaePML4=00000000b90ec000
00:00:05.055732 PGM: apInterPTs={00000000b90e8000,00000000b90e9000} apInterPaePTs={0000000028873000,0000000074074000} apInterPaePDs={0000000104475000,000000006cd76000,000000004f677000,0000000077378000} pInterPaePDPT64=00000000b90eb000
00:00:05.055754 PGM: Host paging mode: AMD64+PGE+NX
00:00:05.055779 PGM: PGMPool: cMaxPages=560 (u64MaxPages=545)
00:00:05.055794 PGM: pgmR3PoolInit: cMaxPages=0x230 cMaxUsers=0x460 cMaxPhysExts=0x460 fCacheEnable=true 
00:00:05.079434 TM: GIP - u32Mode=3 (Invariant) u32UpdateHz=93 u32UpdateIntervalNS=10744800 enmUseTscDelta=2 (Pratically Zero) fGetGipCpu=0xb cCpus=2
00:00:05.079503 TM: GIP - u64CpuHz=2 416 620 414 (0x900ab37e)  SUPGetCpuHzFromGip => 2 416 620 414
00:00:05.079522 TM: GIP - CPU: iCpuSet=0x0 idCpu=0x0 idApic=0x0 iGipCpu=0x1 i64TSCDelta=0 enmState=3 u64CpuHz=2416649758(*) cErrors=0
00:00:05.079539 TM: GIP - CPU: iCpuSet=0x1 idCpu=0x1 idApic=0x2 iGipCpu=0x0 i64TSCDelta=0 enmState=3 u64CpuHz=2416620414(*) cErrors=0
00:00:05.079653 TM: cTSCTicksPerSecond=2 416 620 414 (0x900ab37e) enmTSCMode=3 (Dynamic)
00:00:05.079658 TM: TSCTiedToExecution=false TSCNotTiedToHalt=false
00:00:05.080411 VMM: CoreCode: R3=0000000007f70000 R0=XXXXXXXXXXXXXXXX RC=a055b000 Phys=00000000b90d6000 cb=0x1000
00:00:05.080834 IEM: TargetCpu=CURRENT, Microarch=Intel_Atom_Silvermont
00:00:05.081013 GIM: Using provider 'KVM' (Implementation version: 0)
00:00:05.081038 CPUM: SetGuestCpuIdFeature: Enabled Hypervisor Present bit
00:00:05.081232 AIOMgr: Default manager type is 'Async'
00:00:05.081250 AIOMgr: Default file backend is 'NonBuffered'
00:00:05.081605 BlkCache: Cache successfully initialized. Cache size is 5242880 bytes
00:00:05.081743 BlkCache: Cache commit interval is 10000 ms
00:00:05.081763 BlkCache: Cache commit threshold is 2621440 bytes
00:00:05.702080 PcBios: [SMP] BIOS with 1 CPUs
00:00:05.702145 PcBios: Using the 386+ BIOS image.
00:00:05.702376 PcBios: MPS table at 000e1300
00:00:05.703322 PcBios: fCheckShutdownStatusForSoftReset=true   fClearShutdownStatusOnHardReset=true 
00:00:05.733282 SUP: Opened VBoxDDR0.r0 (C:\Program Files\Oracle\VirtualBox\VBoxDDR0.r0) at 0xXXXXXXXXXXXXXXXX loaded by the native ring-0 loader.
00:00:05.733315 SUP: windbg> .reload /f C:\Program Files\Oracle\VirtualBox\VBoxDDR0.r0=0xXXXXXXXXXXXXXXXX
00:00:05.733846 CPUM: SetGuestCpuIdFeature: Enabled xAPIC
00:00:05.733867 CPUM: SetGuestCpuIdFeature: Enabled x2APIC
00:00:05.734576 IOAPIC: Using implementation 2.0!
00:00:05.734723 PIT: mode=3 count=0x10000 (65536) - 18.20 Hz (ch=0)
00:00:05.762033 Shared Folders service loaded
00:00:05.770591 VGA: Using the 386+ BIOS image.
00:00:05.773237 DrvVD: Flushes will be ignored
00:00:05.773278 DrvVD: Async flushes will be passed to the disk
00:00:05.778419 VD: VDInit finished with VINF_SUCCESS
00:00:05.785303 AIOMgr: Endpoint for file 'E:\Projeto Integrador\Desktop2\Clone de Desktop2-disk1.vdi' (flags 000c0723) created successfully
00:00:05.818924 VD: Opening the disk took 41049190 ns
00:00:05.819111 AHCI: LUN#0: disk, PCHS=16383/16/63, total number of sectors 16777216
00:00:05.819496 AHCI#0: Reset the HBA
00:00:05.819522 VD#0: Cancelling all active requests
00:00:05.820061 DrvVD: Flushes will be ignored
00:00:05.820083 DrvVD: Async flushes will be passed to the disk
00:00:05.820335 PIIX3 ATA: LUN#0: CD/DVD, total number of sectors 0, passthrough disabled
00:00:05.820367 PIIX3 ATA: LUN#1: no unit
00:00:05.820483 PIIX3 ATA: LUN#2: no unit
00:00:05.820501 PIIX3 ATA: LUN#3: no unit
00:00:05.820545 PIIX3 ATA: Ctl#0: finished processing RESET
00:00:05.820625 PIIX3 ATA: Ctl#1: finished processing RESET
00:00:05.820724 E1000#0 Chip=82543GC LinkUpDelay=3000ms EthernetCRC=on GSO=enabled Itr=disabled ItrRx=enabled TID=disabled R0=enabled GC=enabled
00:00:05.821014 IntNet#0: szNetwork={intnet} enmTrunkType=2 szTrunk={} fFlags=0x14000 cbRecv=325632 cbSend=196608 fIgnoreConnectFailure=false
00:00:05.822292 Audio: Initializing DirectSound audio driver
00:00:06.386674 AC97: Reset
00:00:06.389187 VUSB: Attached 'HidMouse' to port 1 on RootHub#0 (FullSpeed)
00:00:06.389386 PGM: The CPU physical address width is 36 bits
00:00:06.389409 PGM: PGMR3InitFinalize: 4 MB PSE mask 0000000fffffffff
00:00:06.389614 TM: TMR3InitFinalize: fTSCModeSwitchAllowed=true 
00:00:06.419157 VMM: Thread-context hooks unavailable
00:00:06.419221 HM: fWorldSwitcher=0x0 (fIbpbOnVmExit=0 fIbpbOnVmEntry=0 fL1dFlushOnVmEntry=0); fL1dFlushOnSched=0
00:00:06.419239 HM: Using VT-x implementation 2.0
00:00:06.419241 HM: Host CR4                        = 0x1006f8
00:00:06.419244 HM: Host EFER                       = 0xd01
00:00:06.419246 HM: MSR_IA32_SMM_MONITOR_CTL        = 0x0
00:00:06.419247 HM: MSR_IA32_FEATURE_CONTROL        = 0x5
00:00:06.419249 HM: MSR_IA32_VMX_BASIC_INFO         = 0xda040000000002
00:00:06.419251 HM:   VMCS id                         = 0x2
00:00:06.419257 HM:   VMCS size                       = 1024 bytes
00:00:06.419259 HM:   VMCS physical address limit     = None
00:00:06.419264 HM:   VMCS memory type                = 0x6
00:00:06.419265 HM:   Dual-monitor treatment support  = true 
00:00:06.419267 HM:   OUTS & INS instruction-info     = true 
00:00:06.419268 HM:   Supports true capability MSRs   = true 
00:00:06.419269 HM: Max resume loops                = 1024
00:00:06.419271 HM: MSR_IA32_VMX_PINBASED_CTLS      = 0x7f00000016
00:00:06.419272 HM:   EXT_INT_EXIT
00:00:06.419273 HM:   NMI_EXIT
00:00:06.419274 HM:   VIRTUAL_NMI
00:00:06.419275 HM:   PREEMPT_TIMER
00:00:06.419276 HM:   POSTED_INTR (must be cleared)
00:00:06.419276 HM: MSR_IA32_VMX_PROCBASED_CTLS     = 0xfff9fffe0401e172
00:00:06.419278 HM:   INT_WINDOW_EXIT
00:00:06.419279 HM:   USE_TSC_OFFSETTING
00:00:06.419280 HM:   HLT_EXIT
00:00:06.419281 HM:   INVLPG_EXIT
00:00:06.419281 HM:   MWAIT_EXIT
00:00:06.419282 HM:   RDPMC_EXIT
00:00:06.419283 HM:   RDTSC_EXIT
00:00:06.419284 HM:   CR3_LOAD_EXIT (must be set)
00:00:06.419285 HM:   CR3_STORE_EXIT (must be set)
00:00:06.419286 HM:   CR8_LOAD_EXIT
00:00:06.419286 HM:   CR8_STORE_EXIT
00:00:06.419287 HM:   USE_TPR_SHADOW
00:00:06.419288 HM:   NMI_WINDOW_EXIT
00:00:06.419289 HM:   MOV_DR_EXIT
00:00:06.419289 HM:   UNCOND_IO_EXIT
00:00:06.419290 HM:   USE_IO_BITMAPS
00:00:06.419291 HM:   MONITOR_TRAP_FLAG
00:00:06.419292 HM:   USE_MSR_BITMAPS
00:00:06.419293 HM:   MONITOR_EXIT
00:00:06.419293 HM:   PAUSE_EXIT
00:00:06.419294 HM:   USE_SECONDARY_EXEC_CTRL
00:00:06.419295 HM: MSR_IA32_VMX_PROCBASED_CTLS2    = 0x28ef00000000
00:00:06.419297 HM:   VIRT_APIC
00:00:06.419298 HM:   EPT
00:00:06.419299 HM:   DESCRIPTOR_TABLE_EXIT
00:00:06.419300 HM:   RDTSCP
00:00:06.419300 HM:   VIRT_X2APIC (must be cleared)
00:00:06.419301 HM:   VPID
00:00:06.419302 HM:   WBINVD_EXIT
00:00:06.419303 HM:   UNRESTRICTED_GUEST
00:00:06.419303 HM:   APIC_REG_VIRT (must be cleared)
00:00:06.419308 HM:   VIRT_INTR_DELIVERY (must be cleared)
00:00:06.419309 HM:   PAUSE_LOOP_EXIT (must be cleared)
00:00:06.419310 HM:   RDRAND_EXIT
00:00:06.419311 HM:   INVPCID (must be cleared)
00:00:06.419311 HM:   VMFUNC
00:00:06.419312 HM:   VMCS_SHADOWING (must be cleared)
00:00:06.419313 HM:   ENCLS_EXIT (must be cleared)
00:00:06.419317 HM:   RDSEED_EXIT (must be cleared)
00:00:06.419318 HM:   PML (must be cleared)
00:00:06.419319 HM:   EPT_VE (must be cleared)
00:00:06.419320 HM:   CONCEAL_FROM_PT (must be cleared)
00:00:06.419321 HM:   XSAVES_XRSTORS (must be cleared)
00:00:06.419321 HM:   TSC_SCALING (must be cleared)
00:00:06.419322 HM: MSR_IA32_VMX_ENTRY_CTLS         = 0xffff000011ff
00:00:06.419324 HM:   LOAD_DEBUG (must be set)
00:00:06.419325 HM:   IA32E_MODE_GUEST
00:00:06.419326 HM:   ENTRY_SMM
00:00:06.419327 HM:   DEACTIVATE_DUALMON
00:00:06.419327 HM:   LOAD_GUEST_PERF_MSR
00:00:06.419328 HM:   LOAD_GUEST_PAT_MSR
00:00:06.419329 HM:   LOAD_GUEST_EFER_MSR
00:00:06.419330 HM: MSR_IA32_VMX_EXIT_CTLS          = 0x7fffff00036dff
00:00:06.419332 HM:   SAVE_DEBUG (must be set)
00:00:06.419333 HM:   HOST_ADDR_SPACE_SIZE
00:00:06.419333 HM:   LOAD_PERF_MSR
00:00:06.419334 HM:   ACK_EXT_INT
00:00:06.419335 HM:   SAVE_GUEST_PAT_MSR
00:00:06.419336 HM:   LOAD_HOST_PAT_MSR
00:00:06.419337 HM:   SAVE_GUEST_EFER_MSR
00:00:06.419337 HM:   LOAD_HOST_EFER_MSR
00:00:06.419338 HM:   SAVE_VMX_PREEMPT_TIMER
00:00:06.419339 HM: MSR_IA32_VMX_EPT_VPID_CAP       = 0xf0106114141
00:00:06.419341 HM:   RWX_X_ONLY
00:00:06.419341 HM:   PAGE_WALK_LENGTH_4
00:00:06.419342 HM:   EMT_UC
00:00:06.419343 HM:   EMT_WB
00:00:06.419344 HM:   PDE_2M
00:00:06.419344 HM:   INVEPT
00:00:06.419345 HM:   INVEPT_SINGLE_CONTEXT
00:00:06.419346 HM:   INVEPT_ALL_CONTEXTS
00:00:06.419347 HM:   INVVPID
00:00:06.419348 HM:   INVVPID_INDIV_ADDR
00:00:06.419348 HM:   INVVPID_SINGLE_CONTEXT
00:00:06.419349 HM:   INVVPID_ALL_CONTEXTS
00:00:06.419350 HM:   INVVPID_SINGLE_CONTEXT_RETAIN_GLOBALS
00:00:06.419351 HM: MSR_IA32_VMX_MISC               = 0x481e6
00:00:06.419352 HM:   PREEMPT_TSC_BIT                 = 0x6
00:00:06.419354 HM:   STORE_EFERLMA_VMEXIT            = true 
00:00:06.419355 HM:   ACTIVITY_STATES                 = 0x7
00:00:06.419356 HM:   CR3_TARGET                      = 0x4
00:00:06.419357 HM:   MAX_MSR                         = 512
00:00:06.419358 HM:   RDMSR_SMBASE_MSR_SMM            = true 
00:00:06.419360 HM:   SMM_MONITOR_CTL_B2              = false
00:00:06.419361 HM:   VMWRITE_VMEXIT_INFO             = false
00:00:06.419362 HM:   MSEG_ID                         = 0x0
00:00:06.419363 HM: MSR_IA32_VMX_CR0_FIXED0         = 0x80000021
00:00:06.419365 HM: MSR_IA32_VMX_CR0_FIXED1         = 0xffffffff
00:00:06.419367 HM: MSR_IA32_VMX_CR4_FIXED0         = 0x2000
00:00:06.419368 HM: MSR_IA32_VMX_CR4_FIXED1         = 0x1027ff
00:00:06.419370 HM: MSR_IA32_VMX_VMCS_ENUM          = 0x2e
00:00:06.419371 HM:   HIGHEST_INDEX                   = 0x17
00:00:06.419372 HM: MSR_IA32_VMX_VMFUNC             = 0x1
00:00:06.419374 HM:   EPTP_SWITCHING
00:00:06.419374 HM: APIC-access page physaddr       = 0x00000000b90d5000
00:00:06.419376 HM: VCPU  0: MSR bitmap physaddr    = 0x00000000b90d3000
00:00:06.419379 HM: VCPU  0: VMCS physaddr          = 0x00000000b90d4000
00:00:06.419381 HM: Guest support: 32-bit and 64-bit
00:00:06.419392 HM: Supports VMCS EFER fields       = true 
00:00:06.419394 HM: Enabled VMX
00:00:06.419399 CPUM: SetGuestCpuIdFeature: Enabled SYSENTER/EXIT
00:00:06.419400 CPUM: SetGuestCpuIdFeature: Enabled PAE
00:00:06.419401 CPUM: SetGuestCpuIdFeature: Enabled LONG MODE
00:00:06.419402 CPUM: SetGuestCpuIdFeature: Enabled SYSCALL/RET
00:00:06.419403 CPUM: SetGuestCpuIdFeature: Enabled LAHF/SAHF
00:00:06.419404 CPUM: SetGuestCpuIdFeature: Enabled NX
00:00:06.419405 HM: Enabled nested paging
00:00:06.419406 HM:   EPT flush type                = VMXFLUSHEPT_SINGLE_CONTEXT
00:00:06.419407 HM: Enabled unrestricted guest execution
00:00:06.419408 HM: Enabled large page support
00:00:06.419408 HM: Enabled VPID
00:00:06.419409 HM:   VPID flush type               = VMXFLUSHVPID_SINGLE_CONTEXT
00:00:06.419410 HM: Enabled VMX-preemption timer (cPreemptTimerShift=6)
00:00:06.419412 HM: VT-x/AMD-V init method: LOCAL
00:00:06.419414 VMM: fUsePeriodicPreemptionTimers=false
00:00:06.419535 CPUM: Logical host processors: 2 present, 2 max, 2 online, online mask: 0000000000000003
00:00:06.419539 CPUM: Physical host cores: 2
00:00:06.419540 ************************* CPUID dump ************************
00:00:06.419554          Raw Standard CPUID Leaves
00:00:06.419555      Leaf/sub-leaf  eax      ebx      ecx      edx
00:00:06.419560 Gst: 00000000/0000  0000000b 756e6547 6c65746e 49656e69
00:00:06.419563 Hst:                0000000b 756e6547 6c65746e 49656e69
00:00:06.419566 Gst: 00000001/0000  00030678 00000800 c0f8220b 078bfbff
00:00:06.419569 Hst:                00030678 02100800 41d8e3bf bfebfbff
00:00:06.419572 Gst: 00000002/0000  61b3a001 0000ffc2 00000000 00000000
00:00:06.419574 Hst:                61b3a001 0000ffc2 00000000 00000000
00:00:06.419577 Gst: 00000003/0000  00000000 00000000 00000000 00000000
00:00:06.419579 Hst:                00000000 00000000 00000000 00000000
00:00:06.419581 Gst: 00000004/0000  00000121 0140003f 0000003f 00000001
00:00:06.419584 Hst:                1c000121 0140003f 0000003f 00000001
00:00:06.419586 Gst: 00000004/0001  00000122 01c0003f 0000003f 00000001
00:00:06.419589 Hst:                1c000122 01c0003f 0000003f 00000001
00:00:06.419591 Gst: 00000004/0002  00000143 03c0003f 000003ff 00000001
00:00:06.419593 Hst:                1c00c143 03c0003f 000003ff 00000001
00:00:06.419596 Gst: 00000004/0003  00000000 00000000 00000000 00000000
00:00:06.419598 Hst:                00000000 00000000 00000000 00000000
00:00:06.419600 Gst: 00000005/0000  00000040 00000040 00000000 00000000
00:00:06.419602 Hst:                00000040 00000040 00000003 33000020
00:00:06.419605 Gst: 00000006/0000  00000000 00000000 00000000 00000000
00:00:06.419607 Hst:                00000005 00000002 00000009 00000000
00:00:06.419609 Gst: 00000007/0000  00000000 00002000 00000000 00000000
00:00:06.419611 Hst:                00000000 00002282 00000000 00000000
00:00:06.419613 Gst: 00000007/0001  00000000 00000000 00000000 00000000
00:00:06.419615 Hst:                00000000 00000000 00000000 00000000
00:00:06.419617 Gst: 00000008/0000  00000000 00000000 00000000 00000000
00:00:06.419619 Hst:                00000000 00000000 00000000 00000000
00:00:06.419621 Gst: 00000009/0000  00000000 00000000 00000000 00000000
00:00:06.419624 Hst:                00000000 00000000 00000000 00000000
00:00:06.419625 Gst: 0000000a/0000  00000000 00000000 00000000 00000000
00:00:06.419628 Hst:                07280203 00000000 00000000 00004503
00:00:06.419630 Gst: 0000000b/0000  00000000 00000001 00000100 00000000
00:00:06.419632 Hst:                00000001 00000001 00000100 00000002
00:00:06.419634 Gst: 0000000b/0001  00000001 00000001 00000201 00000000
00:00:06.419636 Hst:                00000004 00000002 00000201 00000002
00:00:06.419638 Gst: 0000000b/0002  00000000 00000000 00000002 00000000
00:00:06.419641 Hst:                00000000 00000000 00000002 00000002
00:00:06.419643                                Name: GenuineIntel
00:00:06.419646                            Supports: 0x00000000-0x0000000b
00:00:06.419656                              Family:  6 	Extended: 0 	Effective: 6
00:00:06.419693                               Model:  7 	Extended: 3 	Effective: 55
00:00:06.419697                            Stepping: 8
00:00:06.419699                                Type: 0 (primary)
00:00:06.419702                             APIC ID: 0x00
00:00:06.419705                        Logical CPUs: 0
00:00:06.419707                        CLFLUSH Size: 8
00:00:06.419710                            Brand ID: 0x00
00:00:06.419713 Features
00:00:06.419714   Mnemonic - Description                                  = guest (host)
00:00:06.419715   FPU - x87 FPU on Chip                                   = 1 (1)
00:00:06.419720   VME - Virtual 8086 Mode Enhancements                    = 1 (1)
00:00:06.419723   DE - Debugging extensions                               = 1 (1)
00:00:06.419726   PSE - Page Size Extension                               = 1 (1)
00:00:06.419729   TSC - Time Stamp Counter                                = 1 (1)
00:00:06.419733   MSR - Model Specific Registers                          = 1 (1)
00:00:06.419736   PAE - Physical Address Extension                        = 1 (1)
00:00:06.419739   MCE - Machine Check Exception                           = 1 (1)
00:00:06.419743   CX8 - CMPXCHG8B instruction                             = 1 (1)
00:00:06.419746   APIC - APIC On-Chip                                     = 1 (1)
00:00:06.419750   SEP - SYSENTER and SYSEXIT Present                      = 1 (1)
00:00:06.419753   MTRR - Memory Type Range Registers                      = 1 (1)
00:00:06.419756   PGE - PTE Global Bit                                    = 1 (1)
00:00:06.419760   MCA - Machine Check Architecture                        = 1 (1)
00:00:06.419763   CMOV - Conditional Move instructions                    = 1 (1)
00:00:06.419766   PAT - Page Attribute Table                              = 1 (1)
00:00:06.419769   PSE-36 - 36-bit Page Size Extension                     = 1 (1)
00:00:06.419772   PSN - Processor Serial Number                           = 0 (0)
00:00:06.419775   CLFSH - CLFLUSH instruction                             = 1 (1)
00:00:06.419779   DS - Debug Store                                        = 0 (1)
00:00:06.419783   ACPI - Thermal Mon. & Soft. Clock Ctrl.                 = 0 (1)
00:00:06.419786   MMX - Intel MMX Technology                              = 1 (1)
00:00:06.419789   FXSR - FXSAVE and FXRSTOR instructions                  = 1 (1)
00:00:06.419797   SSE - SSE support                                       = 1 (1)
00:00:06.419801   SSE2 - SSE2 support                                     = 1 (1)
00:00:06.419805   SS - Self Snoop                                         = 0 (1)
00:00:06.419809   HTT - Hyper-Threading Technology                        = 0 (1)
00:00:06.419812   TM - Therm. Monitor                                     = 0 (1)
00:00:06.419816   PBE - Pending Break Enabled                             = 0 (1)
00:00:06.419820   SSE3 - SSE3 support                                     = 1 (1)
00:00:06.419823   PCLMUL - PCLMULQDQ support (for AES-GCM)                = 1 (1)
00:00:06.419826   DTES64 - DS Area 64-bit Layout                          = 0 (1)
00:00:06.419829   MONITOR - MONITOR/MWAIT instructions                    = 1 (1)
00:00:06.419832   CPL-DS - CPL Qualified Debug Store                      = 0 (1)
00:00:06.419835   VMX - Virtual Machine Extensions                        = 0 (1)
00:00:06.419838   SMX - Safer Mode Extensions                             = 0 (0)
00:00:06.419842   EST - Enhanced SpeedStep Technology                     = 0 (1)
00:00:06.419845   TM2 - Terminal Monitor 2                                = 0 (1)
00:00:06.419848   SSSE3 - Supplemental Streaming SIMD Extensions 3        = 1 (1)
00:00:06.419850   CNTX-ID - L1 Context ID                                 = 0 (0)
00:00:06.419854   SDBG - Silicon Debug interface                          = 0 (0)
00:00:06.419857   FMA - Fused Multiply Add extensions                     = 0 (0)
00:00:06.419860   CX16 - CMPXCHG16B instruction                           = 1 (1)
00:00:06.419864   TPRUPDATE - xTPR Update Control                         = 0 (1)
00:00:06.419867   PDCM - Perf/Debug Capability MSR                        = 0 (1)
00:00:06.419870   PCID - Process Context Identifiers                      = 0 (0)
00:00:06.419873   DCA - Direct Cache Access                               = 0 (0)
00:00:06.419876   SSE4_1 - SSE4_1 support                                 = 1 (1)
00:00:06.419880   SSE4_2 - SSE4_2 support                                 = 1 (1)
00:00:06.419883   X2APIC - x2APIC support                                 = 1 (0)
00:00:06.419887   MOVBE - MOVBE instruction                               = 1 (1)
00:00:06.419890   POPCNT - POPCNT instruction                             = 1 (1)
00:00:06.419894   TSCDEADL - Time Stamp Counter Deadline                  = 0 (1)
00:00:06.419897   AES - AES instructions                                  = 0 (0)
00:00:06.419900   XSAVE - XSAVE instruction                               = 0 (0)
00:00:06.419904   OSXSAVE - OSXSAVE instruction                           = 0 (0)
00:00:06.419907   AVX - AVX support                                       = 0 (0)
00:00:06.419911   F16C - 16-bit floating point conversion instructions    = 0 (0)
00:00:06.419913   RDRAND - RDRAND instruction                             = 1 (1)
00:00:06.419916   HVP - Hypervisor Present (we're a guest)                = 1 (0)
00:00:06.419919 Structured Extended Feature Flags Enumeration (leaf 7):
00:00:06.419920   Mnemonic - Description                                  = guest (host)
00:00:06.419921   FSGSBASE - RDFSBASE/RDGSBASE/WRFSBASE/WRGSBASE instr.   = 0 (0)
00:00:06.419923   TSCADJUST - Supports MSR_IA32_TSC_ADJUST                = 0 (1)
00:00:06.419926   SGX - Supports Software Guard Extensions                = 0 (0)
00:00:06.419929   BMI1 - Advanced Bit Manipulation extension 1            = 0 (0)
00:00:06.419931   HLE - Hardware Lock Elision                             = 0 (0)
00:00:06.419935   AVX2 - Advanced Vector Extensions 2                     = 0 (0)
00:00:06.419937   FDP_EXCPTN_ONLY - FPU DP only updated on exceptions     = 0 (0)
00:00:06.419940   SMEP - Supervisor Mode Execution Prevention             = 0 (1)
00:00:06.419942   BMI2 - Advanced Bit Manipulation extension 2            = 0 (0)
00:00:06.419945   ERMS - Enhanced REP MOVSB/STOSB instructions            = 0 (1)
00:00:06.419947   INVPCID - INVPCID instruction                           = 0 (0)
00:00:06.419950   RTM - Restricted Transactional Memory                   = 0 (0)
00:00:06.419953   PQM - Platform Quality of Service Monitoring            = 0 (0)
00:00:06.419956   DEPFPU_CS_DS - Deprecates FPU CS, FPU DS values if set  = 1 (1)
00:00:06.419958   MPE - Intel Memory Protection Extensions                = 0 (0)
00:00:06.419960   PQE - Platform Quality of Service Enforcement           = 0 (0)
00:00:06.419963   AVX512F - AVX512 Foundation instructions                = 0 (0)
00:00:06.419965   RDSEED - RDSEED instruction                             = 0 (0)
00:00:06.419969   ADX - ADCX/ADOX instructions                            = 0 (0)
00:00:06.419972   SMAP - Supervisor Mode Access Prevention                = 0 (0)
00:00:06.419975   CLFLUSHOPT - CLFLUSHOPT (Cache Line Flush) instruction  = 0 (0)
00:00:06.419977   INTEL_PT - Intel Processor Trace                        = 0 (0)
00:00:06.419980   AVX512PF - AVX512 Prefetch instructions                 = 0 (0)
00:00:06.419983   AVX512ER - AVX512 Exponential & Reciprocal instructions = 0 (0)
00:00:06.419984   AVX512CD - AVX512 Conflict Detection instructions       = 0 (0)
00:00:06.419987   SHA - Secure Hash Algorithm extensions                  = 0 (0)
00:00:06.419990   PREFETCHWT1 - PREFETCHWT1 instruction                   = 0 (0)
00:00:06.419992   UMIP - User mode insturction prevention                 = 0 (0)
00:00:06.419995   PKU - Protection Key for Usermode pages                 = 0 (0)
00:00:06.419998   OSPKE - CR4.PKU mirror                                  = 0 (0)
00:00:06.420001   MAWAU - Value used by BNDLDX & BNDSTX                   = 0x0 (0x0)
00:00:06.420005   RDPID - Read processor ID support                       = 0 (0)
00:00:06.420008   SGX_LC - Supports SGX Launch Configuration              = 0 (0)
00:00:06.420011          Raw Hypervisor CPUID Leaves
00:00:06.420012      Leaf/sub-leaf  eax      ebx      ecx      edx
00:00:06.420013 Gst: 40000000/0000  40000001 4b4d564b 564b4d56 0000004d
00:00:06.420016 Hst:                00000001 00000001 00000100 00000002
00:00:06.420018 Gst: 40000001/0000  01000089 00000000 00000000 00000000
00:00:06.420021 Hst:                00000001 00000001 00000100 00000002
00:00:06.420023          Raw Extended CPUID Leaves
00:00:06.420024      Leaf/sub-leaf  eax      ebx      ecx      edx
00:00:06.420025 Gst: 80000000/0000  80000008 00000000 00000000 00000000
00:00:06.420027 Hst:                80000008 00000000 00000000 00000000
00:00:06.420030 Gst: 80000001/0000  00000000 00000000 00000101 28100800
00:00:06.420032 Hst:                00000000 00000000 00000101 28100800
00:00:06.420035 Gst: 80000002/0000  20202020 6e492020 286c6574 43202952
00:00:06.420038 Hst:                20202020 6e492020 286c6574 43202952
00:00:06.420040 Gst: 80000003/0000  72656c65 52286e6f 50432029 4a202055
00:00:06.420043 Hst:                72656c65 52286e6f 50432029 4a202055
00:00:06.420046 Gst: 80000004/0000  30303831 20402020 31342e32 007a4847
00:00:06.420049 Hst:                30303831 20402020 31342e32 007a4847
00:00:06.420052 Gst: 80000005/0000  00000000 00000000 00000000 00000000
00:00:06.420054 Hst:                00000000 00000000 00000000 00000000
00:00:06.420056 Gst: 80000006/0000  00000000 00000000 04008040 00000000
00:00:06.420059 Hst:                00000000 00000000 04008040 00000000
00:00:06.420061 Gst: 80000007/0000  00000000 00000000 00000000 00000100
00:00:06.420063 Hst:                00000000 00000000 00000000 00000100
00:00:06.420065 Gst: 80000008/0000  00003024 00000000 00000000 00000000
00:00:06.420068 Hst:                00003024 00000000 00000000 00000000
00:00:06.420070 Ext Name:                        
00:00:06.420071 Ext Supports:                    0x80000000-0x80000008
00:00:06.420073 Family:                          0  	Extended: 0 	Effective: 0
00:00:06.420074 Model:                           0  	Extended: 0 	Effective: 0
00:00:06.420076 Stepping:                        0
00:00:06.420077 Brand ID:                        0x000
00:00:06.420078 Ext Features
00:00:06.420079   Mnemonic - Description                                  = guest (host)
00:00:06.420080   FPU - x87 FPU on Chip                                   = 0 (0)
00:00:06.420084   VME - Virtual 8086 Mode Enhancements                    = 0 (0)
00:00:06.420087   DE - Debugging extensions                               = 0 (0)
00:00:06.420090   PSE - Page Size Extension                               = 0 (0)
00:00:06.420094   TSC - Time Stamp Counter                                = 0 (0)
00:00:06.420097   MSR - K86 Model Specific Registers                      = 0 (0)
00:00:06.420100   PAE - Physical Address Extension                        = 0 (0)
00:00:06.420103   MCE - Machine Check Exception                           = 0 (0)
00:00:06.420106   CX8 - CMPXCHG8B instruction                             = 0 (0)
00:00:06.420110   APIC - APIC On-Chip                                     = 0 (0)
00:00:06.420113   SEP - SYSCALL/SYSRET                                    = 1 (1)
00:00:06.420117   MTRR - Memory Type Range Registers                      = 0 (0)
00:00:06.420120   PGE - PTE Global Bit                                    = 0 (0)
00:00:06.420124   MCA - Machine Check Architecture                        = 0 (0)
00:00:06.420127   CMOV - Conditional Move instructions                    = 0 (0)
00:00:06.420130   PAT - Page Attribute Table                              = 0 (0)
00:00:06.420133   PSE-36 - 36-bit Page Size Extension                     = 0 (0)
00:00:06.420136   NX - No-Execute/Execute-Disable                         = 1 (1)
00:00:06.420139   AXMMX - AMD Extensions to MMX instructions              = 0 (0)
00:00:06.420142   MMX - Intel MMX Technology                              = 0 (0)
00:00:06.420145   FXSR - FXSAVE and FXRSTOR Instructions                  = 0 (0)
00:00:06.420148   FFXSR - AMD fast FXSAVE and FXRSTOR instructions        = 0 (0)
00:00:06.420150   Page1GB - 1 GB large page                               = 0 (0)
00:00:06.420154   RDTSCP - RDTSCP instruction                             = 1 (1)
00:00:06.420157   LM - AMD64 Long Mode                                    = 1 (1)
00:00:06.420161   3DNOWEXT - AMD Extensions to 3DNow                      = 0 (0)
00:00:06.420164   3DNOW - AMD 3DNow                                       = 0 (0)
00:00:06.420168   LahfSahf - LAHF/SAHF support in 64-bit mode             = 1 (1)
00:00:06.420170   CmpLegacy - Core multi-processing legacy mode           = 0 (0)
00:00:06.420173   SVM - AMD Secure Virtual Machine extensions             = 0 (0)
00:00:06.420175   EXTAPIC - AMD Extended APIC registers                   = 0 (0)
00:00:06.420178   CR8L - AMD LOCK MOV CR0 means MOV CR8                   = 0 (0)
00:00:06.420181   ABM - AMD Advanced Bit Manipulation                     = 0 (0)
00:00:06.420184   SSE4A - SSE4A instructions                              = 0 (0)
00:00:06.420187   MISALIGNSSE - AMD Misaligned SSE mode                   = 0 (0)
00:00:06.420190   3DNOWPRF - AMD PREFETCH and PREFETCHW instructions      = 1 (1)
00:00:06.420192   OSVW - AMD OS Visible Workaround                        = 0 (0)
00:00:06.420195   IBS - Instruct Based Sampling                           = 0 (0)
00:00:06.420199   XOP - Extended Operation support                        = 0 (0)
00:00:06.420202   SKINIT - SKINIT, STGI, and DEV support                  = 0 (0)
00:00:06.420205   WDT - AMD Watchdog Timer support                        = 0 (0)
00:00:06.420208   LWP - Lightweight Profiling support                     = 0 (0)
00:00:06.420211   FMA4 - Four operand FMA instruction support             = 0 (0)
00:00:06.420213   NodeId - NodeId in MSR C001_100C                        = 0 (0)
00:00:06.420216   TBM - Trailing Bit Manipulation instructions            = 0 (0)
00:00:06.420219   TOPOEXT - Topology Extensions                           = 0 (0)
00:00:06.420222 Full Name:                       "      Intel(R) Celeron(R) CPU  J1800  @ 2.41GHz"
00:00:06.420224 TLB 2/4M Instr/Uni:              res0     0 entries
00:00:06.420225 TLB 2/4M Data:                   res0     0 entries
00:00:06.420227 TLB 4K Instr/Uni:                res0     0 entries
00:00:06.420228 TLB 4K Data:                     res0     0 entries
00:00:06.420230 L1 Instr Cache Line Size:        0 bytes
00:00:06.420231 L1 Instr Cache Lines Per Tag:    0
00:00:06.420231 L1 Instr Cache Associativity:    res0  
00:00:06.420232 L1 Instr Cache Size:             0 KB
00:00:06.420234 L1 Data Cache Line Size:         0 bytes
00:00:06.420235 L1 Data Cache Lines Per Tag:     0
00:00:06.420235 L1 Data Cache Associativity:     res0  
00:00:06.420236 L1 Data Cache Size:              0 KB
00:00:06.420242 L2 TLB 2/4M Instr/Uni:           off       0 entries
00:00:06.420244 L2 TLB 2/4M Data:                off       0 entries
00:00:06.420245 L2 TLB 4K Instr/Uni:             off       0 entries
00:00:06.420247 L2 TLB 4K Data:                  off       0 entries
00:00:06.420248 L2 Cache Line Size:              0 bytes
00:00:06.420249 L2 Cache Lines Per Tag:          0
00:00:06.420250 L2 Cache Associativity:          off   
00:00:06.420251 L2 Cache Size:                   0 KB
00:00:06.420252 APM Features:                    TscInvariant
00:00:06.420254 Host Invariant-TSC support:      true 
00:00:06.420256 Physical Address Width:          36 bits
00:00:06.420257 Virtual Address Width:           48 bits
00:00:06.420258 Guest Physical Address Width:    0 bits
00:00:06.420259 Physical Core Count:             1
00:00:06.420261 
00:00:06.420262 ******************** End of CPUID dump **********************
00:00:06.443581 PcBios: SATA LUN#0 LCHS=1024/255/63
00:00:06.443645 APIC: fPostedIntrsEnabled=false fVirtApicRegsEnabled=false fSupportsTscDeadline=false
00:00:06.443666 TMR3UtcNow: nsNow=1 542 980 935 352 568 800 nsPrev=0 -> cNsDelta=1 542 980 935 352 568 800 (offLag=0 offVirtualSync=0 offVirtualSyncGivenUp=0, NowAgain=1 542 980 935 352 568 800)
00:00:06.443694 VMEmt: Halt method global1 (5)
00:00:06.443730 VMEmt: HaltedGlobal1 config: cNsSpinBlockThresholdCfg=50000
00:00:06.443746 Changing the VM state from 'CREATING' to 'CREATED'
00:00:06.447330 SharedFolders host service: Adding host mapping
00:00:06.447367     Host path 'E:\Projeto Integrador\Desktop2', map name 'Desktop2', writable, automount=true, create_symlinks=false, missing=false
00:00:06.447805 Changing the VM state from 'CREATED' to 'POWERING_ON'
00:00:06.447925 AIOMgr: Endpoints without assigned bandwidth groups:
00:00:06.447940 AIOMgr:     E:\Projeto Integrador\Desktop2\Clone de Desktop2-disk1.vdi
00:00:06.448025 Changing the VM state from 'POWERING_ON' to 'RUNNING'
00:00:06.448050 Console: Machine state changed to 'Running'
00:00:06.488526 VMMDev: Guest Log: BIOS: VirtualBox 5.2.22
00:00:06.488727 PCI: setting up resources and interrupts
00:00:06.489662 PIT: mode=2 count=0x10000 (65536) - 18.20 Hz (ch=0)
00:00:06.510228 Display::handleDisplayResize: uScreenId=0 pvVRAM=0000000000000000 w=720 h=400 bpp=0 cbLine=0x0 flags=0x0
00:00:06.510441 GUI: UIFrameBufferPrivate::NotifyChange: Screen=0, Origin=0x0, Size=720x400, Sending to async-handler
00:00:06.516103 VMMDev: Guest Log: CPUID EDX: 0x078bfbff
00:00:06.516276 PIIX3 ATA: Ctl#0: RESET, DevSel=0 AIOIf=0 CmdIf0=0x00 (-1 usec ago) CmdIf1=0x00 (-1 usec ago)
00:00:06.516422 PIIX3 ATA: Ctl#0: finished processing RESET
00:00:06.614517 AHCI#0: Reset the HBA
00:00:06.614599 VD#0: Cancelling all active requests
00:00:06.614734 AHCI#0: Port 0 reset
00:00:06.614796 VD#0: Cancelling all active requests
00:00:06.617568 VMMDev: Guest Log: BIOS: AHCI 0-P#0: PCHS=16383/16/63 LCHS=1024/255/63 0x0000000001000000 sectors
00:00:06.622767 PIT: mode=2 count=0x48d3 (18643) - 64.00 Hz (ch=0)
00:00:06.644765 Display::handleDisplayResize: uScreenId=0 pvVRAM=000000000b2f0000 w=640 h=480 bpp=32 cbLine=0xA00 flags=0x0
00:00:06.645220 GUI: UIFrameBufferPrivate::NotifyChange: Screen=0, Origin=0x0, Size=640x480, Sending to async-handler
00:00:06.985748 GUI: UIMachineViewNormal::resendSizeHint: Restoring guest size-hint for screen 0 to 800x600
00:00:06.985824 VMMDev: SetVideoModeHint: Got a video mode hint (800x600x32)@(0x0),(1;0) at 0
00:00:06.985928 GUI: UIMachineView::sltHandleNotifyChange: Screen=0, Size=720x400
00:00:06.985946 GUI: UIFrameBufferPrivate::handleNotifyChange: Size=720x400
00:00:06.985962 GUI: UIFrameBufferPrivate::performResize: Size=720x400, Directly using source bitmap content
00:00:06.986480 GUI: UIMachineView::sltHandleNotifyChange: Screen=0, Size=640x480
00:00:06.986513 GUI: UIFrameBufferPrivate::handleNotifyChange: Size=640x480
00:00:07.003191 GUI: 2D video acceleration is disabled
00:00:07.003237 GUI: HID LEDs sync is enabled
00:00:07.219132 GUI: UIMachineLogicNormal::sltCheckForRequestedVisualStateType: Requested-state=0, Machine-state=5
00:00:09.294836 Display::handleDisplayResize: uScreenId=0 pvVRAM=0000000000000000 w=720 h=400 bpp=0 cbLine=0x0 flags=0x0
00:00:09.295002 GUI: UIFrameBufferPrivate::NotifyChange: Screen=0, Origin=0x0, Size=720x400, Sending to async-handler
00:00:09.295111 GUI: UIMachineView::sltHandleNotifyChange: Screen=0, Size=720x400
00:00:09.295143 GUI: UIFrameBufferPrivate::handleNotifyChange: Size=720x400
00:00:09.295193 GUI: UIFrameBufferPrivate::performResize: Size=720x400, Directly using source bitmap content
00:00:09.296611 PIT: mode=2 count=0x10000 (65536) - 18.20 Hz (ch=0)
00:00:09.297541 VMMDev: Guest Log: BIOS: Boot : bseqnr=1, bootseq=0231
00:00:09.298302 VMMDev: Guest Log: BIOS: Boot from Floppy 0 failed
00:00:09.299812 VMMDev: Guest Log: BIOS: Boot : bseqnr=2, bootseq=0023
00:00:09.301536 VMMDev: Guest Log: BIOS: CDROM boot failure code : 0003
00:00:09.302088 VMMDev: Guest Log: BIOS: Boot from CD-ROM failed
00:00:09.302719 VMMDev: Guest Log: BIOS: Boot : bseqnr=3, bootseq=0002
00:00:09.305267 VMMDev: Guest Log: BIOS: Booting from Hard Disk...
